<?xml version="1.0" encoding="UTF-8"?>
<!-- Generated by org.testng.reporters.JUnitReportReporter -->
<testsuite hostname="Bablu-PC" name="executions.Cmpletdmtng_inMS_TS_99" tests="23" failures="0" timestamp="27 Mar 2018 15:10:46 GMT" time="925.422" errors="0">
  <testcase name="CRe4_247" time="39.717" classname="executions.Cmpletdmtng_inMS_TS_99"/>
  <testcase name="CRe4_277" time="48.734" classname="executions.Cmpletdmtng_inMS_TS_99"/>
  <testcase name="CRe4_265" time="38.971" classname="executions.Cmpletdmtng_inMS_TS_99"/>
  <testcase name="CRe4_249" time="36.227" classname="executions.Cmpletdmtng_inMS_TS_99"/>
  <testcase name="CRe4_259" time="36.692" classname="executions.Cmpletdmtng_inMS_TS_99"/>
  <testcase name="CRe4_268" time="36.858" classname="executions.Cmpletdmtng_inMS_TS_99"/>
  <testcase name="CRe4_273" time="38.679" classname="executions.Cmpletdmtng_inMS_TS_99"/>
  <testcase name="CRe4_253" time="38.494" classname="executions.Cmpletdmtng_inMS_TS_99"/>
  <testcase name="CRe4_264" time="34.924" classname="executions.Cmpletdmtng_inMS_TS_99"/>
  <testcase name="CRe4_262" time="36.224" classname="executions.Cmpletdmtng_inMS_TS_99"/>
  <testcase name="CRe4_250" time="37.381" classname="executions.Cmpletdmtng_inMS_TS_99"/>
  <testcase name="CRe4_252" time="43.143" classname="executions.Cmpletdmtng_inMS_TS_99"/>
  <testcase name="CRe4_276" time="33.334" classname="executions.Cmpletdmtng_inMS_TS_99"/>
  <testcase name="CRe4_266" time="39.523" classname="executions.Cmpletdmtng_inMS_TS_99"/>
  <testcase name="CRe4_267" time="40.034" classname="executions.Cmpletdmtng_inMS_TS_99"/>
  <testcase name="CRe4_270" time="37.441" classname="executions.Cmpletdmtng_inMS_TS_99"/>
  <testcase name="CRe4_274" time="37.617" classname="executions.Cmpletdmtng_inMS_TS_99"/>
  <testcase name="CRe4_256" time="48.535" classname="executions.Cmpletdmtng_inMS_TS_99"/>
  <testcase name="CRe4_263" time="70.264" classname="executions.Cmpletdmtng_inMS_TS_99"/>
  <testcase name="CRe4_269" time="39.175" classname="executions.Cmpletdmtng_inMS_TS_99"/>
  <testcase name="CRe4_272" time="39.873" classname="executions.Cmpletdmtng_inMS_TS_99"/>
  <testcase name="CRe4_275" time="38.044" classname="executions.Cmpletdmtng_inMS_TS_99"/>
  <testcase name="CRe4_271" time="35.538" classname="executions.Cmpletdmtng_inMS_TS_99"/>
</testsuite> <!-- executions.Cmpletdmtng_inMS_TS_99 -->
