<?xml version="1.0" encoding="UTF-8"?>
<!-- Generated by org.testng.reporters.JUnitReportReporter -->
<testsuite hostname="Bablu-PC" name="executions.TS_19_exe" tests="1" failures="0" timestamp="8 Mar 2018 09:10:53 GMT" time="74.943" errors="0">
  <testcase name="CRe4_1054" time="74.943" classname="executions.TS_19_exe"/>
</testsuite> <!-- executions.TS_19_exe -->
