<?xml version="1.0" encoding="UTF-8"?>
<!-- Generated by org.testng.reporters.JUnitReportReporter -->
<testsuite hostname="Bablu-PC" name="executions.TS_17_exe" tests="9" failures="0" timestamp="6 Mar 2018 07:45:03 GMT" time="409.186" errors="0">
  <testcase name="CRe4_954" time="44.552" classname="executions.TS_17_exe"/>
  <testcase name="CRe4_957" time="48.546" classname="executions.TS_17_exe"/>
  <testcase name="CRe4_956" time="42.895" classname="executions.TS_17_exe"/>
  <testcase name="CRe4_950_951" time="44.813" classname="executions.TS_17_exe"/>
  <testcase name="CRe4_952" time="45.397" classname="executions.TS_17_exe"/>
  <testcase name="CRe4_953" time="43.453" classname="executions.TS_17_exe"/>
  <testcase name="CRe4_948_949" time="46.253" classname="executions.TS_17_exe"/>
  <testcase name="CRe4_958" time="45.214" classname="executions.TS_17_exe"/>
  <testcase name="CRe4_955" time="48.063" classname="executions.TS_17_exe"/>
</testsuite> <!-- executions.TS_17_exe -->
