<?xml version="1.0" encoding="UTF-8"?>
<!-- Generated by org.testng.reporters.JUnitReportReporter -->
<testsuite hostname="Bablu-PC" name="executions.TS_16_exe" tests="1" failures="0" timestamp="6 Mar 2018 05:41:01 GMT" time="182.313" errors="0">
  <testcase name="CRe4_961_a_962" time="182.313" classname="executions.TS_16_exe"/>
</testsuite> <!-- executions.TS_16_exe -->
