<?xml version="1.0" encoding="UTF-8"?>
<!-- Generated by org.testng.reporters.JUnitReportReporter -->
<testsuite hostname="Bablu-PC" name="executions.TS_24_exe" tests="3" failures="0" timestamp="5 Mar 2018 17:04:45 GMT" time="185.055" errors="0">
  <testcase name="CRe4_1105" time="52.252" classname="executions.TS_24_exe"/>
  <testcase name="CRe4_1108" time="80.712" classname="executions.TS_24_exe"/>
  <testcase name="CRe4_1106" time="52.091" classname="executions.TS_24_exe"/>
</testsuite> <!-- executions.TS_24_exe -->
