<?xml version="1.0" encoding="UTF-8"?>
<!-- Generated by org.testng.reporters.JUnitReportReporter -->
<testsuite hostname="Bablu-PC" name="executions.Upcmngmtng_in_ms_TS_97" tests="5" failures="0" timestamp="27 Mar 2018 15:10:46 GMT" time="191.176" errors="0">
  <testcase name="CRe4_228" time="38.207" classname="executions.Upcmngmtng_in_ms_TS_97"/>
  <testcase name="CRe4_229" time="39.856" classname="executions.Upcmngmtng_in_ms_TS_97"/>
  <testcase name="CRe4_237_238_239" time="35.637" classname="executions.Upcmngmtng_in_ms_TS_97"/>
  <testcase name="CRe4_227" time="38.340" classname="executions.Upcmngmtng_in_ms_TS_97"/>
  <testcase name="CRe4_224_226" time="39.136" classname="executions.Upcmngmtng_in_ms_TS_97"/>
</testsuite> <!-- executions.Upcmngmtng_in_ms_TS_97 -->
