<?xml version="1.0" encoding="UTF-8"?>
<!-- Generated by org.testng.reporters.JUnitReportReporter -->
<testsuite hostname="Bablu-PC" name="executions.Mem_add_TS_19" tests="25" failures="0" timestamp="19 Mar 2018 18:02:51 GMT" time="1321.248" errors="0">
  <testcase name="CRe4_986" time="103.834" classname="executions.Mem_add_TS_19"/>
  <testcase name="CRe4_1042" time="41.441" classname="executions.Mem_add_TS_19"/>
  <testcase name="CRe4_1036" time="39.662" classname="executions.Mem_add_TS_19"/>
  <testcase name="CRe4_1041" time="41.513" classname="executions.Mem_add_TS_19"/>
  <testcase name="CRe4_1039" time="41.803" classname="executions.Mem_add_TS_19"/>
  <testcase name="CRe4_1031" time="41.768" classname="executions.Mem_add_TS_19"/>
  <testcase name="CRe4_1045" time="42.829" classname="executions.Mem_add_TS_19"/>
  <testcase name="CRe4_1029" time="41.147" classname="executions.Mem_add_TS_19"/>
  <testcase name="CRe4_1027" time="43.921" classname="executions.Mem_add_TS_19"/>
  <testcase name="CRe4_979_980_981_982_983_984_985" time="39.708" classname="executions.Mem_add_TS_19"/>
  <testcase name="CRe4_1033" time="41.936" classname="executions.Mem_add_TS_19"/>
  <testcase name="CRe4_1034" time="40.660" classname="executions.Mem_add_TS_19"/>
  <testcase name="CRe4_1043" time="41.810" classname="executions.Mem_add_TS_19"/>
  <testcase name="CRe4_1047" time="43.457" classname="executions.Mem_add_TS_19"/>
  <testcase name="CRe4_1037" time="40.339" classname="executions.Mem_add_TS_19"/>
  <testcase name="CRe4_1038" time="42.594" classname="executions.Mem_add_TS_19"/>
  <testcase name="CRe4_1051" time="34.463" classname="executions.Mem_add_TS_19"/>
  <testcase name="CRe4_1054" time="35.452" classname="executions.Mem_add_TS_19"/>
  <testcase name="CRe4_1035" time="277.490" classname="executions.Mem_add_TS_19"/>
  <testcase name="CRe4_1048" time="32.383" classname="executions.Mem_add_TS_19"/>
  <testcase name="CRe4_1040" time="41.402" classname="executions.Mem_add_TS_19"/>
  <testcase name="CRe4_1022_1023_1024_1025_1026_1028" time="41.584" classname="executions.Mem_add_TS_19"/>
  <testcase name="CRe4_1044" time="42.354" classname="executions.Mem_add_TS_19"/>
  <testcase name="CRe4_1030" time="41.690" classname="executions.Mem_add_TS_19"/>
  <testcase name="CRe4_1032" time="46.008" classname="executions.Mem_add_TS_19"/>
</testsuite> <!-- executions.Mem_add_TS_19 -->
