<?xml version="1.0" encoding="UTF-8"?>
<!-- Generated by org.testng.reporters.JUnitReportReporter -->
<testsuite hostname="Bablu-PC" name="executions.TS_22_exe" tests="8" failures="0" timestamp="5 Mar 2018 17:04:45 GMT" time="339.758" errors="0">
  <testcase name="CRe4_1095_to_1100_1101_1102" time="34.545" classname="executions.TS_22_exe"/>
  <testcase name="CRe4_1066_1067" time="41.595" classname="executions.TS_22_exe"/>
  <testcase name="CRe4_1080" time="38.027" classname="executions.TS_22_exe"/>
  <testcase name="CRe4_1064_65" time="35.705" classname="executions.TS_22_exe"/>
  <testcase name="CRe4_1077" time="34.095" classname="executions.TS_22_exe"/>
  <testcase name="CRe4_1070_71_1085_80_to_85" time="79.870" classname="executions.TS_22_exe"/>
  <testcase name="CRe4_1079" time="41.422" classname="executions.TS_22_exe"/>
  <testcase name="CRe4_1078" time="34.499" classname="executions.TS_22_exe"/>
</testsuite> <!-- executions.TS_22_exe -->
