<?xml version="1.0" encoding="UTF-8"?>
<!-- Generated by org.testng.reporters.JUnitReportReporter -->
<testsuite hostname="Bablu-PC" name="executions.Upcmngmtng_inMem_TS_104" tests="9" failures="0" timestamp="27 Mar 2018 15:10:46 GMT" time="322.155" errors="0">
  <testcase name="CRe4_375_376" time="45.552" classname="executions.Upcmngmtng_inMem_TS_104"/>
  <testcase name="CRe4_361" time="36.581" classname="executions.Upcmngmtng_inMem_TS_104"/>
  <testcase name="CRe4_355_356" time="35.606" classname="executions.Upcmngmtng_inMem_TS_104"/>
  <testcase name="CRe4_362" time="34.464" classname="executions.Upcmngmtng_inMem_TS_104"/>
  <testcase name="CRe4_369_373" time="35.012" classname="executions.Upcmngmtng_inMem_TS_104"/>
  <testcase name="CRe4_368" time="32.935" classname="executions.Upcmngmtng_inMem_TS_104"/>
  <testcase name="CRe4_360" time="35.914" classname="executions.Upcmngmtng_inMem_TS_104"/>
  <testcase name="CRe4_357" time="30.391" classname="executions.Upcmngmtng_inMem_TS_104"/>
  <testcase name="CRe4_367" time="35.700" classname="executions.Upcmngmtng_inMem_TS_104"/>
</testsuite> <!-- executions.Upcmngmtng_inMem_TS_104 -->
