<?xml version="1.0" encoding="UTF-8"?>
<!-- Generated by org.testng.reporters.JUnitReportReporter -->
<testsuite hostname="Bablu-PC" name="executions.TS_15exe" tests="2" failures="0" timestamp="5 Mar 2018 17:04:45 GMT" time="102.421" errors="0">
  <testcase name="CRe4_927" time="51.512" classname="executions.TS_15exe"/>
  <testcase name="CRe4_924_925_926" time="50.909" classname="executions.TS_15exe"/>
</testsuite> <!-- executions.TS_15exe -->
