<?xml version="1.0" encoding="UTF-8"?>
<!-- Generated by org.testng.reporters.JUnitReportReporter -->
<testsuite hostname="Bablu-PC" name="executions.Reschedule_mtng_TS_98" tests="4" failures="0" timestamp="27 Mar 2018 15:10:46 GMT" time="181.996" errors="0">
  <testcase name="CRe4_244" time="46.874" classname="executions.Reschedule_mtng_TS_98"/>
  <testcase name="CRe4_242" time="36.801" classname="executions.Reschedule_mtng_TS_98"/>
  <testcase name="CRe4_241" time="45.922" classname="executions.Reschedule_mtng_TS_98"/>
  <testcase name="CRe4_243_245" time="52.399" classname="executions.Reschedule_mtng_TS_98"/>
</testsuite> <!-- executions.Reschedule_mtng_TS_98 -->
