<?xml version="1.0" encoding="UTF-8"?>
<!-- Generated by org.testng.reporters.JUnitReportReporter -->
<testsuite hostname="Bablu-PC" name="executions.TS_21_Exe" tests="1" failures="0" timestamp="6 Mar 2018 05:30:14 GMT" time="33.090" errors="0">
  <testcase name="CRe4_978" time="33.090" classname="executions.TS_21_Exe"/>
</testsuite> <!-- executions.TS_21_Exe -->
