<?xml version="1.0" encoding="UTF-8"?>
<!-- Generated by org.testng.reporters.JUnitReportReporter -->
<testsuite hostname="Bablu-PC" name="com.create4.execution.Scenarios_TS_95" tests="2" failures="0" timestamp="23 Mar 2018 06:58:22 GMT" time="37.976" errors="0">
  <testcase name="CRe4_164_171" time="20.037" classname="com.create4.execution.Scenarios_TS_95"/>
  <testcase name="CRe4_167_168_169" time="17.939" classname="com.create4.execution.Scenarios_TS_95"/>
</testsuite> <!-- com.create4.execution.Scenarios_TS_95 -->
