<?xml version="1.0" encoding="UTF-8"?>
<!-- Generated by org.testng.reporters.JUnitReportReporter -->
<testsuite hostname="Bablu-PC" name="executions.Mem_search_TS_21" tests="5" failures="0" timestamp="19 Mar 2018 18:02:51 GMT" time="165.371" errors="0">
  <testcase name="CRe4_970_971_972_973_977" time="35.959" classname="executions.Mem_search_TS_21"/>
  <testcase name="CRe4_975" time="33.098" classname="executions.Mem_search_TS_21"/>
  <testcase name="CRe4_974" time="31.551" classname="executions.Mem_search_TS_21"/>
  <testcase name="CRe4_978" time="32.611" classname="executions.Mem_search_TS_21"/>
  <testcase name="CRe4_976" time="32.152" classname="executions.Mem_search_TS_21"/>
</testsuite> <!-- executions.Mem_search_TS_21 -->
