<?xml version="1.0" encoding="UTF-8"?>
<!-- Generated by org.testng.reporters.JUnitReportReporter -->
<testsuite hostname="Bablu-PC" name="executions.Doctype_Update_TS_17" tests="9" failures="0" timestamp="19 Mar 2018 18:02:51 GMT" time="405.443" errors="0">
  <testcase name="CRe4_958" time="45.322" classname="executions.Doctype_Update_TS_17"/>
  <testcase name="CRe4_954" time="43.570" classname="executions.Doctype_Update_TS_17"/>
  <testcase name="CRe4_948_949" time="45.105" classname="executions.Doctype_Update_TS_17"/>
  <testcase name="CRe4_955" time="43.222" classname="executions.Doctype_Update_TS_17"/>
  <testcase name="CRe4_953" time="42.661" classname="executions.Doctype_Update_TS_17"/>
  <testcase name="CRe4_952" time="45.725" classname="executions.Doctype_Update_TS_17"/>
  <testcase name="CRe4_956" time="41.998" classname="executions.Doctype_Update_TS_17"/>
  <testcase name="CRe4_957" time="52.346" classname="executions.Doctype_Update_TS_17"/>
  <testcase name="CRe4_950_951" time="45.494" classname="executions.Doctype_Update_TS_17"/>
</testsuite> <!-- executions.Doctype_Update_TS_17 -->
