<?xml version="1.0" encoding="UTF-8"?>
<!-- Generated by org.testng.reporters.JUnitReportReporter -->
<testsuite hostname="Bablu-PC" name="executions.Upcmngmtng_in_CP_TS_102" tests="8" failures="0" timestamp="27 Mar 2018 15:10:46 GMT" time="298.838" errors="0">
  <testcase name="CRe4_333_334" time="37.229" classname="executions.Upcmngmtng_in_CP_TS_102"/>
  <testcase name="CRe4_324" time="37.580" classname="executions.Upcmngmtng_in_CP_TS_102"/>
  <testcase name="CRe4_322" time="35.127" classname="executions.Upcmngmtng_in_CP_TS_102"/>
  <testcase name="CRe4_317_318_319" time="32.291" classname="executions.Upcmngmtng_in_CP_TS_102"/>
  <testcase name="CRe4_321" time="35.617" classname="executions.Upcmngmtng_in_CP_TS_102"/>
  <testcase name="CRe4_337_338" time="45.597" classname="executions.Upcmngmtng_in_CP_TS_102"/>
  <testcase name="CRe4_320" time="34.520" classname="executions.Upcmngmtng_in_CP_TS_102"/>
  <testcase name="CRe4_323" time="40.877" classname="executions.Upcmngmtng_in_CP_TS_102"/>
</testsuite> <!-- executions.Upcmngmtng_in_CP_TS_102 -->
