<?xml version="1.0" encoding="UTF-8"?>
<!-- Generated by org.testng.reporters.JUnitReportReporter -->
<testsuite hostname="Bablu-PC" name="executions.TS_02A_exe" tests="1" failures="0" timestamp="1 Mar 2018 07:36:10 GMT" time="45.539" errors="0">
  <testcase name="CRe4_12_14_15_21_23_24" time="45.539" classname="executions.TS_02A_exe"/>
</testsuite> <!-- executions.TS_02A_exe -->
