<?xml version="1.0" encoding="UTF-8"?>
<!-- Generated by org.testng.reporters.JUnitReportReporter -->
<testsuite hostname="Bablu-PC" name="executions.Schedule_mtng_TS_95" tests="4" failures="0" timestamp="27 Mar 2018 15:10:46 GMT" time="182.023" errors="0">
  <testcase name="CRe4_162_164" time="52.265" classname="executions.Schedule_mtng_TS_95"/>
  <testcase name="CRe4_165_166_171" time="50.514" classname="executions.Schedule_mtng_TS_95"/>
  <testcase name="CRe4_167_168_169" time="37.942" classname="executions.Schedule_mtng_TS_95"/>
  <testcase name="CRe4_170" time="41.302" classname="executions.Schedule_mtng_TS_95"/>
</testsuite> <!-- executions.Schedule_mtng_TS_95 -->
