<?xml version="1.0" encoding="UTF-8"?>
<!-- Generated by org.testng.reporters.JUnitReportReporter -->
<testsuite hostname="Bablu-PC" name="executions.Scenarios_TS_21" tests="1" failures="0" timestamp="2 Mar 2018 10:40:07 GMT" time="41.042" errors="0">
  <testcase name="CRe4_970_971_972_973_977" time="41.042" classname="executions.Scenarios_TS_21"/>
</testsuite> <!-- executions.Scenarios_TS_21 -->
