<?xml version="1.0" encoding="UTF-8"?>
<!-- Generated by org.testng.reporters.JUnitReportReporter -->
<testsuite hostname="Bablu-PC" name="executions.Mem_Update_TS_20" tests="24" failures="0" timestamp="19 Mar 2018 18:02:51 GMT" time="1120.423" errors="0">
  <testcase name="CRe4_1019" time="39.234" classname="executions.Mem_Update_TS_20"/>
  <testcase name="CRe4_1005" time="55.530" classname="executions.Mem_Update_TS_20"/>
  <testcase name="CRe4_1017" time="61.022" classname="executions.Mem_Update_TS_20"/>
  <testcase name="CRe4_995" time="36.939" classname="executions.Mem_Update_TS_20"/>
  <testcase name="CRe4_1010" time="41.241" classname="executions.Mem_Update_TS_20"/>
  <testcase name="CRe4_1004" time="39.441" classname="executions.Mem_Update_TS_20"/>
  <testcase name="CRe4_987_988" time="39.528" classname="executions.Mem_Update_TS_20"/>
  <testcase name="CRe4_1007" time="38.092" classname="executions.Mem_Update_TS_20"/>
  <testcase name="CRe4_992" time="37.501" classname="executions.Mem_Update_TS_20"/>
  <testcase name="CRe4_1021" time="41.061" classname="executions.Mem_Update_TS_20"/>
  <testcase name="CRe4_990" time="52.121" classname="executions.Mem_Update_TS_20"/>
  <testcase name="CRe4_999" time="53.168" classname="executions.Mem_Update_TS_20"/>
  <testcase name="CRe4_1011" time="60.680" classname="executions.Mem_Update_TS_20"/>
  <testcase name="CRe4_1002" time="58.018" classname="executions.Mem_Update_TS_20"/>
  <testcase name="CRe4_998" time="40.880" classname="executions.Mem_Update_TS_20"/>
  <testcase name="CRe4_1016" time="40.384" classname="executions.Mem_Update_TS_20"/>
  <testcase name="CRe4_1008" time="63.667" classname="executions.Mem_Update_TS_20"/>
  <testcase name="CRe4_1013" time="41.313" classname="executions.Mem_Update_TS_20"/>
  <testcase name="CRe4_996" time="53.750" classname="executions.Mem_Update_TS_20"/>
  <testcase name="CRe4_1001" time="38.512" classname="executions.Mem_Update_TS_20"/>
  <testcase name="CRe4_993" time="50.347" classname="executions.Mem_Update_TS_20"/>
  <testcase name="CRe4_989" time="38.037" classname="executions.Mem_Update_TS_20"/>
  <testcase name="CRe4_1020" time="41.128" classname="executions.Mem_Update_TS_20"/>
  <testcase name="CRe4_1014" time="58.829" classname="executions.Mem_Update_TS_20"/>
</testsuite> <!-- executions.Mem_Update_TS_20 -->
