<?xml version="1.0" encoding="UTF-8"?>
<!-- Generated by org.testng.reporters.JUnitReportReporter -->
<testsuite hostname="Bablu-PC" name="executions.TS_20_exe" tests="2" failures="0" timestamp="6 Mar 2018 05:16:56 GMT" time="96.809" errors="0">
  <testcase name="CRe4_1021" time="49.443" classname="executions.TS_20_exe"/>
  <testcase name="CRe4_1020" time="47.366" classname="executions.TS_20_exe"/>
</testsuite> <!-- executions.TS_20_exe -->
