<?xml version="1.0" encoding="UTF-8"?>
<!-- Generated by org.testng.reporters.JUnitReportReporter -->
<testsuite hostname="Bablu-PC" name="executions.TS_23_exe" tests="5" failures="0" timestamp="5 Mar 2018 17:04:45 GMT" time="188.414" errors="0">
  <testcase name="CRe4_1057" time="35.745" classname="executions.TS_23_exe"/>
  <testcase name="CRe4_1058" time="40.342" classname="executions.TS_23_exe"/>
  <testcase name="CRe4_1059" time="40.394" classname="executions.TS_23_exe"/>
  <testcase name="CRe4_1056" time="36.276" classname="executions.TS_23_exe"/>
  <testcase name="CRe4_1062" time="35.657" classname="executions.TS_23_exe"/>
</testsuite> <!-- executions.TS_23_exe -->
