<?xml version="1.0" encoding="UTF-8"?>
<!-- Generated by org.testng.reporters.JUnitReportReporter -->
<testsuite hostname="Bablu-PC" name="executions.Cmpltdmtng_inCP_TS_103" tests="9" failures="0" timestamp="27 Mar 2018 15:10:46 GMT" time="312.604" errors="0">
  <testcase name="CRe4_342" time="33.118" classname="executions.Cmpltdmtng_inCP_TS_103"/>
  <testcase name="CRe4_340" time="32.156" classname="executions.Cmpltdmtng_inCP_TS_103"/>
  <testcase name="CRe4_344" time="36.955" classname="executions.Cmpltdmtng_inCP_TS_103"/>
  <testcase name="CRe4_343" time="36.262" classname="executions.Cmpltdmtng_inCP_TS_103"/>
  <testcase name="CRe4_345" time="35.047" classname="executions.Cmpltdmtng_inCP_TS_103"/>
  <testcase name="CRe4_349_350" time="32.508" classname="executions.Cmpltdmtng_inCP_TS_103"/>
  <testcase name="CRe4_346" time="32.464" classname="executions.Cmpltdmtng_inCP_TS_103"/>
  <testcase name="CRe4_347" time="33.744" classname="executions.Cmpltdmtng_inCP_TS_103"/>
  <testcase name="CRe4_353_354" time="40.350" classname="executions.Cmpltdmtng_inCP_TS_103"/>
</testsuite> <!-- executions.Cmpltdmtng_inCP_TS_103 -->
