<?xml version="1.0" encoding="UTF-8"?>
<!-- Generated by org.testng.reporters.JUnitReportReporter -->
<testsuite hostname="Bablu-PC" name="executions.Doctype_search_TS_18" tests="10" failures="0" timestamp="19 Mar 2018 18:02:51 GMT" time="581.123" errors="0">
  <testcase name="CRe4_938" time="33.766" classname="executions.Doctype_search_TS_18"/>
  <testcase name="CRe4_932_933_934_935_936" time="32.222" classname="executions.Doctype_search_TS_18"/>
  <testcase name="CRe4_944" time="35.474" classname="executions.Doctype_search_TS_18"/>
  <testcase name="CRe4_942" time="36.101" classname="executions.Doctype_search_TS_18"/>
  <testcase name="CRe4_941" time="273.335" classname="executions.Doctype_search_TS_18"/>
  <testcase name="CRe4_945" time="36.236" classname="executions.Doctype_search_TS_18"/>
  <testcase name="CRe4_937" time="32.969" classname="executions.Doctype_search_TS_18"/>
  <testcase name="CRe4_940" time="31.786" classname="executions.Doctype_search_TS_18"/>
  <testcase name="CRe4_943" time="34.919" classname="executions.Doctype_search_TS_18"/>
  <testcase name="CRe4_939" time="34.315" classname="executions.Doctype_search_TS_18"/>
</testsuite> <!-- executions.Doctype_search_TS_18 -->
