<?xml version="1.0" encoding="UTF-8"?>
<!-- Generated by org.testng.reporters.JUnitReportReporter -->
<testsuite hostname="Bablu-PC" name="executions.TS_18_exe" tests="10" failures="0" timestamp="6 Mar 2018 10:06:49 GMT" time="345.246" errors="0">
  <testcase name="CRe4_943" time="36.126" classname="executions.TS_18_exe"/>
  <testcase name="CRe4_940" time="36.424" classname="executions.TS_18_exe"/>
  <testcase name="CRe4_938" time="34.155" classname="executions.TS_18_exe"/>
  <testcase name="CRe4_939" time="33.981" classname="executions.TS_18_exe"/>
  <testcase name="CRe4_937" time="33.721" classname="executions.TS_18_exe"/>
  <testcase name="CRe4_942" time="35.852" classname="executions.TS_18_exe"/>
  <testcase name="CRe4_944" time="34.097" classname="executions.TS_18_exe"/>
  <testcase name="CRe4_941" time="32.723" classname="executions.TS_18_exe"/>
  <testcase name="CRe4_945" time="36.789" classname="executions.TS_18_exe"/>
  <testcase name="CRe4_932_933_934_935_936" time="31.378" classname="executions.TS_18_exe"/>
</testsuite> <!-- executions.TS_18_exe -->
