<?xml version="1.0" encoding="UTF-8"?>
<!-- Generated by org.testng.reporters.JUnitReportReporter -->
<testsuite hostname="Bablu-PC" name="executions.Cmpltdmtng_inMem_TS_105" tests="9" failures="0" timestamp="27 Mar 2018 15:10:46 GMT" time="339.177" errors="0">
  <testcase name="CRe4_382" time="37.391" classname="executions.Cmpltdmtng_inMem_TS_105"/>
  <testcase name="CRe4_380" time="38.009" classname="executions.Cmpltdmtng_inMem_TS_105"/>
  <testcase name="CRe4_378" time="37.166" classname="executions.Cmpltdmtng_inMem_TS_105"/>
  <testcase name="CRe4_384" time="38.854" classname="executions.Cmpltdmtng_inMem_TS_105"/>
  <testcase name="CRe4_391_392" time="44.408" classname="executions.Cmpltdmtng_inMem_TS_105"/>
  <testcase name="CRe4_390" time="31.224" classname="executions.Cmpltdmtng_inMem_TS_105"/>
  <testcase name="CRe4_383" time="40.721" classname="executions.Cmpltdmtng_inMem_TS_105"/>
  <testcase name="CRe4_387" time="34.014" classname="executions.Cmpltdmtng_inMem_TS_105"/>
  <testcase name="CRe4_381" time="37.390" classname="executions.Cmpltdmtng_inMem_TS_105"/>
</testsuite> <!-- executions.Cmpltdmtng_inMem_TS_105 -->
